<?xml version="1.0" encoding="UTF-8"?>
<testng-results skipped="0" failed="0" ignored="0" total="2" passed="2">
  <reporter-output>
    <line>
      <![CDATA[Suite Execution Starts Sat Jun 08 13:02:48 IST 2019]]>
    </line>
    <line>
      <![CDATA[Chrome Browser Launched]]>
    </line>
    <line>
      <![CDATA[http://127.0.0.1/login.do url is navigated]]>
    </line>
    <line>
      <![CDATA[validLogin script execution starts]]>
    </line>
    <line>
      <![CDATA[Home Page is verified]]>
    </line>
    <line>
      <![CDATA[Home Page title is verified]]>
    </line>
    <line>
      <![CDATA[validLogin script passed :)]]>
    </line>
    <line>
      <![CDATA[Browser Closed]]>
    </line>
    <line>
      <![CDATA[All sessions are closed]]>
    </line>
    <line>
      <![CDATA[Chrome Browser Launched]]>
    </line>
    <line>
      <![CDATA[http://127.0.0.1/login.do url is navigated]]>
    </line>
    <line>
      <![CDATA[invalidLogin script execution starts]]>
    </line>
    <line>
      <![CDATA[Login Page title is verified]]>
    </line>
    <line>
      <![CDATA[Error message is verified]]>
    </line>
    <line>
      <![CDATA[invalidLogin script passed :)]]>
    </line>
    <line>
      <![CDATA[Browser Closed]]>
    </line>
    <line>
      <![CDATA[All sessions are closed]]>
    </line>
  </reporter-output>
  <suite name="Suite" duration-ms="54157" started-at="2019-06-08T07:32:48Z" finished-at="2019-06-08T07:33:42Z">
    <groups>
    </groups>
    <test name="Test" duration-ms="54157" started-at="2019-06-08T07:32:48Z" finished-at="2019-06-08T07:33:42Z">
      <class name="com.actitime.scripts.LoginTest">
        <test-method status="PASS" signature="preCondition(java.lang.String, java.lang.String)[pri:0, instance:com.actitime.scripts.LoginTest@34b7bfc0]" name="preCondition" is-config="true" duration-ms="26737" started-at="2019-06-08T07:32:48Z" finished-at="2019-06-08T07:33:15Z">
          <params>
            <param index="0">
              <value>
                <![CDATA[chrome]]>
              </value>
            </param>
            <param index="1">
              <value>
                <![CDATA[http://127.0.0.1/login.do]]>
              </value>
            </param>
          </params>
          <reporter-output>
            <line>
              <![CDATA[Chrome Browser Launched]]>
            </line>
            <line>
              <![CDATA[http://127.0.0.1/login.do url is navigated]]>
            </line>
          </reporter-output>
        </test-method> <!-- preCondition -->
        <test-method status="PASS" signature="validLogin()[pri:1, instance:com.actitime.scripts.LoginTest@34b7bfc0]" name="validLogin" duration-ms="15425" started-at="2019-06-08T07:33:15Z" description="Test case 1 : To check the functionality of Login page" finished-at="2019-06-08T07:33:30Z">
          <reporter-output>
            <line>
              <![CDATA[validLogin script execution starts]]>
            </line>
            <line>
              <![CDATA[Home Page is verified]]>
            </line>
            <line>
              <![CDATA[Home Page title is verified]]>
            </line>
            <line>
              <![CDATA[validLogin script passed :)]]>
            </line>
          </reporter-output>
        </test-method> <!-- validLogin -->
        <test-method status="PASS" signature="postCondition()[pri:0, instance:com.actitime.scripts.LoginTest@34b7bfc0]" name="postCondition" is-config="true" duration-ms="3032" started-at="2019-06-08T07:33:30Z" finished-at="2019-06-08T07:33:33Z">
          <reporter-output>
            <line>
              <![CDATA[Browser Closed]]>
            </line>
            <line>
              <![CDATA[All sessions are closed]]>
            </line>
          </reporter-output>
        </test-method> <!-- postCondition -->
        <test-method status="PASS" signature="preCondition(java.lang.String, java.lang.String)[pri:0, instance:com.actitime.scripts.LoginTest@34b7bfc0]" name="preCondition" is-config="true" duration-ms="4802" started-at="2019-06-08T07:33:33Z" finished-at="2019-06-08T07:33:38Z">
          <params>
            <param index="0">
              <value>
                <![CDATA[chrome]]>
              </value>
            </param>
            <param index="1">
              <value>
                <![CDATA[http://127.0.0.1/login.do]]>
              </value>
            </param>
          </params>
          <reporter-output>
            <line>
              <![CDATA[Chrome Browser Launched]]>
            </line>
            <line>
              <![CDATA[http://127.0.0.1/login.do url is navigated]]>
            </line>
          </reporter-output>
        </test-method> <!-- preCondition -->
        <test-method status="PASS" signature="invalidLogin()[pri:2, instance:com.actitime.scripts.LoginTest@34b7bfc0]" name="invalidLogin" duration-ms="1123" started-at="2019-06-08T07:33:38Z" description="Test case 2 : To check the functionality of Login page: Invalid login" finished-at="2019-06-08T07:33:39Z">
          <reporter-output>
            <line>
              <![CDATA[invalidLogin script execution starts]]>
            </line>
            <line>
              <![CDATA[Login Page title is verified]]>
            </line>
            <line>
              <![CDATA[Error message is verified]]>
            </line>
            <line>
              <![CDATA[invalidLogin script passed :)]]>
            </line>
          </reporter-output>
        </test-method> <!-- invalidLogin -->
        <test-method status="PASS" signature="postCondition()[pri:0, instance:com.actitime.scripts.LoginTest@34b7bfc0]" name="postCondition" is-config="true" duration-ms="3006" started-at="2019-06-08T07:33:39Z" finished-at="2019-06-08T07:33:42Z">
          <reporter-output>
            <line>
              <![CDATA[Browser Closed]]>
            </line>
            <line>
              <![CDATA[All sessions are closed]]>
            </line>
          </reporter-output>
        </test-method> <!-- postCondition -->
      </class> <!-- com.actitime.scripts.LoginTest -->
    </test> <!-- Test -->
  </suite> <!-- Suite -->
</testng-results>
