<?xml version="1.0" encoding="UTF-8"?>
<testsuite xmlns:xsi="http://www.w3.org/2001/XMLSchema-instance" xsi:noNamespaceSchemaLocation="https://maven.apache.org/surefire/maven-surefire-plugin/xsd/surefire-test-report-3.0.xsd" version="3.0" name="TestSuite" time="274.458" tests="14" errors="0" skipped="10" failures="2">
  <properties>
[...]
</properties>
  <testcase name="preCondition" classname="com.actitime.scripts.LoginTest" time="16.84">
    <failure message="unknown error: Chrome failed to start: exited normally&#10;  (unknown error: DevToolsActivePort file doesn&apos;t exist)&#10;  (The process started from chrome location C:\Users\sony\AppData\Local\Google\Chrome\Application\chrome.exe is no longer running, so ChromeDriver is assuming that Chrome has crashed.)&#10;  (Driver info: chromedriver=2.42.591088 (7b2b2dca23cca0862f674758c9a3933e685c27d5),platform=Windows NT 6.1.7601 SP1 x86_64) (WARNING: The server did not provide any stacktrace information)&#10;Command duration or timeout: 12.81 seconds&#10;Build info: version: &apos;3.141.59&apos;, revision: &apos;e82be7d358&apos;, time: &apos;2018-11-14T08:17:03&apos;&#10;System info: host: &apos;SONY-VAIO&apos;, ip: &apos;192.168.1.12&apos;, os.name: &apos;Windows 7&apos;, os.arch: &apos;amd64&apos;, os.version: &apos;6.1&apos;, java.version: &apos;1.8.0_181&apos;&#10;Driver info: driver.version: ChromeDriver" type="org.openqa.selenium.WebDriverException">org.openqa.selenium.WebDriverException: 
unknown error: Chrome failed to start: exited normally
  (unknown error: DevToolsActivePort file doesn't exist)
  (The process started from chrome location C:\Users\sony\AppData\Local\Google\Chrome\Application\chrome.exe is no longer running, so ChromeDriver is assuming that Chrome has crashed.)
  (Driver info: chromedriver=2.42.591088 (7b2b2dca23cca0862f674758c9a3933e685c27d5),platform=Windows NT 6.1.7601 SP1 x86_64) (WARNING: The server did not provide any stacktrace information)
Command duration or timeout: 12.81 seconds
Build info: version: '3.141.59', revision: 'e82be7d358', time: '2018-11-14T08:17:03'
System info: host: 'SONY-VAIO', ip: '192.168.1.12', os.name: 'Windows 7', os.arch: 'amd64', os.version: '6.1', java.version: '1.8.0_181'
Driver info: driver.version: ChromeDriver
</failure>
    <system-out><![CDATA[Suite Execution Starts Wed Feb 20 16:30:48 IST 2019
Suite Execution Starts Wed Feb 20 16:30:48 IST 2019
Suite Execution Starts Wed Feb 20 16:30:48 IST 2019
]]></system-out>
    <system-err><![CDATA[Starting ChromeDriver 2.42.591088 (7b2b2dca23cca0862f674758c9a3933e685c27d5) on port 41975
Only local connections are allowed.
1550660454924	mozrunner::runner	INFO	Running command: "C:\\Program Files\\Mozilla Firefox\\firefox.exe" "-marionette" "-foreground" "-no-remote" "-profile" "C:\\Users\\sony\\AppData\\Local\\Temp\\rust_mozprofile.rRtphEB7MESK"
Started InternetExplorerDriver server (64-bit)
3.14.0.0
Listening on port 26855
Only local connections are allowed
]]></system-err>
  </testcase>
  <testcase name="preCondition" classname="com.actitime.scripts.LoginTest" time="0">
    <skipped/>
  </testcase>
  <testcase name="validLogin" classname="com.actitime.scripts.LoginTest" time="0">
    <skipped message="unknown error: Chrome failed to start: exited normally&#10;  (unknown error: DevToolsActivePort file doesn&apos;t exist)&#10;  (The process started from chrome location C:\Users\sony\AppData\Local\Google\Chrome\Application\chrome.exe is no longer running, so ChromeDriver is assuming that Chrome has crashed.)&#10;  (Driver info: chromedriver=2.42.591088 (7b2b2dca23cca0862f674758c9a3933e685c27d5),platform=Windows NT 6.1.7601 SP1 x86_64) (WARNING: The server did not provide any stacktrace information)&#10;Command duration or timeout: 12.81 seconds&#10;Build info: version: &apos;3.141.59&apos;, revision: &apos;e82be7d358&apos;, time: &apos;2018-11-14T08:17:03&apos;&#10;System info: host: &apos;SONY-VAIO&apos;, ip: &apos;192.168.1.12&apos;, os.name: &apos;Windows 7&apos;, os.arch: &apos;amd64&apos;, os.version: &apos;6.1&apos;, java.version: &apos;1.8.0_181&apos;&#10;Driver info: driver.version: ChromeDriver"/>
  </testcase>
  <testcase name="validLogin" classname="com.actitime.scripts.LoginTest" time="81.372"/>
  <testcase name="postCondition" classname="com.actitime.scripts.LoginTest" time="0">
    <skipped/>
    <system-out><![CDATA[validLogin script skipped :(
]]></system-out>
  </testcase>
  <testcase name="postCondition" classname="com.actitime.scripts.LoginTest" time="0">
    <skipped/>
    <system-out><![CDATA[invalidLogin script skipped :(
]]></system-out>
  </testcase>
  <testcase name="invalidLogin" classname="com.actitime.scripts.LoginTest" time="0">
    <skipped message="unknown error: Chrome failed to start: exited normally&#10;  (unknown error: DevToolsActivePort file doesn&apos;t exist)&#10;  (The process started from chrome location C:\Users\sony\AppData\Local\Google\Chrome\Application\chrome.exe is no longer running, so ChromeDriver is assuming that Chrome has crashed.)&#10;  (Driver info: chromedriver=2.42.591088 (7b2b2dca23cca0862f674758c9a3933e685c27d5),platform=Windows NT 6.1.7601 SP1 x86_64) (WARNING: The server did not provide any stacktrace information)&#10;Command duration or timeout: 12.81 seconds&#10;Build info: version: &apos;3.141.59&apos;, revision: &apos;e82be7d358&apos;, time: &apos;2018-11-14T08:17:03&apos;&#10;System info: host: &apos;SONY-VAIO&apos;, ip: &apos;192.168.1.12&apos;, os.name: &apos;Windows 7&apos;, os.arch: &apos;amd64&apos;, os.version: &apos;6.1&apos;, java.version: &apos;1.8.0_181&apos;&#10;Driver info: driver.version: ChromeDriver"/>
  </testcase>
  <testcase name="invalidLogin" classname="com.actitime.scripts.LoginTest" time="57.2"/>
  <testcase name="preCondition" classname="com.actitime.scripts.TaskTest" time="68.09">
    <failure message="connection refused&#10;Build info: version: &apos;3.141.59&apos;, revision: &apos;e82be7d358&apos;, time: &apos;2018-11-14T08:17:03&apos;&#10;System info: host: &apos;SONY-VAIO&apos;, ip: &apos;192.168.1.12&apos;, os.name: &apos;Windows 7&apos;, os.arch: &apos;amd64&apos;, os.version: &apos;6.1&apos;, java.version: &apos;1.8.0_181&apos;&#10;Driver info: driver.version: FirefoxDriver&#10;remote stacktrace: " type="org.openqa.selenium.WebDriverException">org.openqa.selenium.WebDriverException: 
connection refused
Build info: version: '3.141.59', revision: 'e82be7d358', time: '2018-11-14T08:17:03'
System info: host: 'SONY-VAIO', ip: '192.168.1.12', os.name: 'Windows 7', os.arch: 'amd64', os.version: '6.1', java.version: '1.8.0_181'
Driver info: driver.version: FirefoxDriver
remote stacktrace: 
</failure>
    <system-out><![CDATA[Suite Execution Ends Wed Feb 20 16:31:05 IST 2019
Total Script Executed: 0
Total Script Passed: 0
Total Script Failed: 0
Total Script Skipped: 2
]]></system-out>
  </testcase>
  <testcase name="createCustomer" classname="com.actitime.scripts.TaskTest" time="0">
    <skipped message="connection refused&#10;Build info: version: &apos;3.141.59&apos;, revision: &apos;e82be7d358&apos;, time: &apos;2018-11-14T08:17:03&apos;&#10;System info: host: &apos;SONY-VAIO&apos;, ip: &apos;192.168.1.12&apos;, os.name: &apos;Windows 7&apos;, os.arch: &apos;amd64&apos;, os.version: &apos;6.1&apos;, java.version: &apos;1.8.0_181&apos;&#10;Driver info: driver.version: FirefoxDriver&#10;remote stacktrace: "/>
  </testcase>
  <testcase name="postCondition" classname="com.actitime.scripts.TaskTest" time="0">
    <skipped/>
    <system-out><![CDATA[createCustomer script skipped :(
]]></system-out>
  </testcase>
  <testcase name="createProject" classname="com.actitime.scripts.TaskTest" time="0">
    <skipped message="Method TaskTest.createProject()[pri:0, instance:com.actitime.scripts.TaskTest@5cc7c2a6] depends on not successfully finished methods"/>
  </testcase>
  <testcase name="deleteProject" classname="com.actitime.scripts.TaskTest" time="0">
    <skipped message="Method TaskTest.deleteProject()[pri:0, instance:com.actitime.scripts.TaskTest@5cc7c2a6] depends on not successfully finished methods"/>
    <system-out><![CDATA[createProject script skipped :(
]]></system-out>
  </testcase>
  <testcase name="deleteCustomer" classname="com.actitime.scripts.TaskTest" time="0">
    <skipped message="Method TaskTest.deleteCustomer()[pri:0, instance:com.actitime.scripts.TaskTest@5cc7c2a6] depends on not successfully finished methods"/>
    <system-out><![CDATA[deleteProject script skipped :(
]]></system-out>
  </testcase>
</testsuite>